Build started 14/11/2017 08:21:13.
     1>Project "D:\madaan\SARSOP\src\PolicyGraph\PolicyGraph.vcxproj" on node 5 (Build target(s)).
     1>ClCompile:
         C:\Program Files (x86)\Microsoft Visual Studio 12.0\VC\bin\CL.exe /c /ID:\madaan\SARSOP\src\\miniposix /ID:\madaan\SARSOP\src\\Parser\Cassandra\include /ID:\madaan\SARSOP\src\\Parser\Cassandra /ID:\madaan\SARSOP\src\\Parser\POMDPX /ID:\madaan\SARSOP\src\\Parser /ID:\madaan\SARSOP\src\\Algorithms /ID:\madaan\SARSOP\src\\Algorithms\SARSOP /ID:\madaan\SARSOP\src\\Models\MOMDP\CoLoc /ID:\madaan\SARSOP\src\\Models\MOMDP /ID:\madaan\SARSOP\src\\Evaluator /ID:\madaan\SARSOP\src\\Bounds /ID:\madaan\SARSOP\src\\Simulator /ID:\madaan\SARSOP\src\\OfflineSolver /ID:\madaan\SARSOP\src\\Utils /ID:\madaan\SARSOP\src\\MathLib /ID:\madaan\SARSOP\src\\Core /ZI /nologo /W3 /WX- /Od /Oy- /D _MBCS /Gm /EHsc /RTC1 /MDd /GS /fp:precise /Zc:wchar_t /Zc:forScope /Fo"Debug\\" /Fd"Debug\vc120.pdb" /Gd /TP /analyze- /errorReport:prompt PolicyGraph.cpp PolicyGraphGenerator.cpp
         PolicyGraphGenerator.cpp
         Unknown compiler version - please run the configure tests and report the results
     1>d:\madaan\sarsop\src\policygraph\policygraphgenerator.cpp(123): warning C4018: '>' : signed/unsigned mismatch
         PolicyGraph.cpp
         Unknown compiler version - please run the configure tests and report the results
     1>d:\madaan\sarsop\src\policygraph\policygraph.cpp(104): warning C4101: 'e' : unreferenced local variable
         Generating Code...
     1>C:\Program Files (x86)\MSBuild\Microsoft.Cpp\v4.0\V120\Microsoft.CppBuild.targets(1186,5): warning MSB8012: TargetPath(D:\madaan\SARSOP\src\Debug\PolicyGraph.exe) does not match the Linker's OutputFile property value (D:\madaan\SARSOP\src\Debug\polgraph.exe). This may cause your project to build incorrectly. To correct this, please make sure that $(OutDir), $(TargetName) and $(TargetExt) property values match the value specified in %(Link.OutputFile).
     1>C:\Program Files (x86)\MSBuild\Microsoft.Cpp\v4.0\V120\Microsoft.CppBuild.targets(1188,5): warning MSB8012: TargetName(PolicyGraph) does not match the Linker's OutputFile property value (polgraph). This may cause your project to build incorrectly. To correct this, please make sure that $(OutDir), $(TargetName) and $(TargetExt) property values match the value specified in %(Link.OutputFile).
       Link:
         C:\Program Files (x86)\Microsoft Visual Studio 12.0\VC\bin\link.exe /ERRORREPORT:PROMPT /OUT:"D:\madaan\SARSOP\src\Debug\polgraph.exe" /NOLOGO D:\madaan\SARSOP\src\Debug\momdp.lib kernel32.lib user32.lib gdi32.lib winspool.lib comdlg32.lib advapi32.lib shell32.lib ole32.lib oleaut32.lib uuid.lib odbc32.lib odbccp32.lib /MANIFEST /MANIFESTUAC:"level='asInvoker' uiAccess='false'" /manifest:embed /DEBUG /PDB:"D:\madaan\SARSOP\src\Debug\PolicyGraph.pdb" /TLBID:1 /DYNAMICBASE /NXCOMPAT /IMPLIB:"D:\madaan\SARSOP\src\Debug\PolicyGraph.lib" /MACHINE:X86 /SAFESEH Debug\PolicyGraph.obj
         Debug\PolicyGraphGenerator.obj
         D:\madaan\SARSOP\src\Debug\momdp.lib
     1>PolicyGraph.obj : warning LNK4075: ignoring '/EDITANDCONTINUE' due to '/SAFESEH' specification
         PolicyGraph.vcxproj -> D:\madaan\SARSOP\src\Debug\PolicyGraph.exe
     1>Done Building Project "D:\madaan\SARSOP\src\PolicyGraph\PolicyGraph.vcxproj" (Build target(s)).

Build succeeded.

Time Elapsed 00:00:02.89
